Performing C SOURCE FILE Test CMAKE_HAVE_LIBC_PTHREAD failed with the following output:
Change Dir: /home/leven/sylar/workspace/CMakeFiles/CMakeTmp

Run Build Command(s):/usr/bin/gmake cmTC_89331/fast && gmake[1]: Entering directory '/home/leven/sylar/workspace/CMakeFiles/CMakeTmp'
/usr/bin/gmake -f CMakeFiles/cmTC_89331.dir/build.make CMakeFiles/cmTC_89331.dir/build
gmake[2]: Entering directory '/home/leven/sylar/workspace/CMakeFiles/CMakeTmp'
Building C object CMakeFiles/cmTC_89331.dir/src.c.o
/usr/bin/cc   -DCMAKE_HAVE_LIBC_PTHREAD   -o CMakeFiles/cmTC_89331.dir/src.c.o   -c /home/leven/sylar/workspace/CMakeFiles/CMakeTmp/src.c
Linking C executable cmTC_89331
/usr/bin/cmake -E cmake_link_script CMakeFiles/cmTC_89331.dir/link.txt --verbose=1
/usr/bin/cc  -DCMAKE_HAVE_LIBC_PTHREAD    -rdynamic CMakeFiles/cmTC_89331.dir/src.c.o  -o cmTC_89331 
/usr/bin/ld: CMakeFiles/cmTC_89331.dir/src.c.o: in function `main':
src.c:(.text+0x46): undefined reference to `pthread_create'
/usr/bin/ld: src.c:(.text+0x52): undefined reference to `pthread_detach'
/usr/bin/ld: src.c:(.text+0x63): undefined reference to `pthread_join'
collect2: error: ld returned 1 exit status
gmake[2]: *** [CMakeFiles/cmTC_89331.dir/build.make:87: cmTC_89331] Error 1
gmake[2]: Leaving directory '/home/leven/sylar/workspace/CMakeFiles/CMakeTmp'
gmake[1]: *** [Makefile:121: cmTC_89331/fast] Error 2
gmake[1]: Leaving directory '/home/leven/sylar/workspace/CMakeFiles/CMakeTmp'


Source file was:
#include <pthread.h>

void* test_func(void* data)
{
  return data;
}

int main(void)
{
  pthread_t thread;
  pthread_create(&thread, NULL, test_func, NULL);
  pthread_detach(thread);
  pthread_join(thread, NULL);
  pthread_atfork(NULL, NULL, NULL);
  pthread_exit(NULL);

  return 0;
}

Determining if the function pthread_create exists in the pthreads failed with the following output:
Change Dir: /home/leven/sylar/workspace/CMakeFiles/CMakeTmp

Run Build Command(s):/usr/bin/gmake cmTC_395ef/fast && gmake[1]: Entering directory '/home/leven/sylar/workspace/CMakeFiles/CMakeTmp'
/usr/bin/gmake -f CMakeFiles/cmTC_395ef.dir/build.make CMakeFiles/cmTC_395ef.dir/build
gmake[2]: Entering directory '/home/leven/sylar/workspace/CMakeFiles/CMakeTmp'
Building C object CMakeFiles/cmTC_395ef.dir/CheckFunctionExists.c.o
/usr/bin/cc   -DCHECK_FUNCTION_EXISTS=pthread_create   -o CMakeFiles/cmTC_395ef.dir/CheckFunctionExists.c.o   -c /usr/share/cmake-3.16/Modules/CheckFunctionExists.c
Linking C executable cmTC_395ef
/usr/bin/cmake -E cmake_link_script CMakeFiles/cmTC_395ef.dir/link.txt --verbose=1
/usr/bin/cc  -DCHECK_FUNCTION_EXISTS=pthread_create    -rdynamic CMakeFiles/cmTC_395ef.dir/CheckFunctionExists.c.o  -o cmTC_395ef  -lpthreads 
/usr/bin/ld: cannot find -lpthreads
collect2: error: ld returned 1 exit status
gmake[2]: *** [CMakeFiles/cmTC_395ef.dir/build.make:87: cmTC_395ef] Error 1
gmake[2]: Leaving directory '/home/leven/sylar/workspace/CMakeFiles/CMakeTmp'
gmake[1]: *** [Makefile:121: cmTC_395ef/fast] Error 2
gmake[1]: Leaving directory '/home/leven/sylar/workspace/CMakeFiles/CMakeTmp'



